2026-03-26T17:49:36.2771320Z     __ __          __      __    _ __     
2026-03-26T17:49:36.2772720Z    / //_/_  _ ____/ /_  __/ /   (_) /____ 
2026-03-26T17:49:36.2772766Z   / ,< / / / / __  / / / / /   / / __/ _  
2026-03-26T17:49:36.2772789Z  / /| / /_/ / /_/ / /_/ / /___/ / /_/  __/
2026-03-26T17:49:36.2772811Z /_/ |_\__,_/\__,_/\__,_/_____/_/\__/\___/ 
2026-03-26T17:49:36.2772869Z 
2026-03-26T17:49:36.2772890Z                                           
2026-03-26T17:49:36.2772908Z DEBUG CONSOLE | AZURE APP SERVICE ON LINUX
2026-03-26T17:49:36.2772924Z 
2026-03-26T17:49:36.2772951Z Documentation: http://aka.ms/webapp-linux
2026-03-26T17:49:36.2772970Z Kudu Version : 20260204.5
2026-03-26T17:49:36.2772990Z Commit       : f2123a3d94768058c9d9e002efc0a31e9c1580a3
2026-03-26T17:49:36.2773009Z Instance Name: lw0sdlwk0002DC
2026-03-26T17:49:36.2773058Z Instance Id  : 54377a4fbcca99061eb4bfef866d1be5a35314cee3d940f62291ce669db1da6a
2026-03-26T17:49:36.2773077Z 
2026-03-26T17:49:36.5619009Z chown: changing ownership of '/temp': Operation not permitted
2026-03-26T17:49:36.5720780Z chmod: changing permissions of '/temp': Operation not permitted
2026-03-26T17:49:38.3417843Z Restarting OpenBSD Secure Shell server: sshd.
2026-03-26T17:49:38.4528700Z node not running, starting node /opt/webssh/index.js
2026-03-26T17:49:46.2709140Z Thu Mar 26 17:49:46 UTC 2026 running .net core
2026-03-26T17:49:47.1856216Z Startup : 05.49.47.174378
2026-03-26T17:49:47.2461221Z Configure Services : 05.49.47.245851
2026-03-26T17:49:47.6882973Z Configure : 05.49.47.688117
2026-03-26T17:49:48.1219817Z Setting Up Routes : 05.49.48.121799
2026-03-26T17:49:48.1612966Z Exiting Configure : 05.49.48.161139
2026-03-26T17:49:48.2812600Z warn: Microsoft.AspNetCore.DataProtection.KeyManagement.XmlKeyManager[35]
2026-03-26T17:49:48.2813293Z       No XML encryptor configured. Key {bd559968-1ce1-4ae1-a098-d51c49fe5c46} may be persisted to storage in unencrypted form.
2026-03-26T17:49:48.5950723Z Hosting environment: Production
2026-03-26T17:49:48.5963593Z Content root path: /opt/Kudu
2026-03-26T17:49:48.6041787Z Now listening on: http://0.0.0.0:8181
2026-03-26T17:49:48.6165793Z Application started. Press Ctrl+C to shut down.
