2026-03-26T17:49:02.5306345Z     __ __          __      __    _ __     
2026-03-26T17:49:02.5310661Z    / //_/_  _ ____/ /_  __/ /   (_) /____ 
2026-03-26T17:49:02.5310763Z   / ,< / / / / __  / / / / /   / / __/ _  
2026-03-26T17:49:02.5310854Z  / /| / /_/ / /_/ / /_/ / /___/ / /_/  __/
2026-03-26T17:49:02.5310906Z /_/ |_\__,_/\__,_/\__,_/_____/_/\__/\___/ 
2026-03-26T17:49:02.5310935Z 
2026-03-26T17:49:02.5310966Z                                           
2026-03-26T17:49:02.5310989Z DEBUG CONSOLE | AZURE APP SERVICE ON LINUX
2026-03-26T17:49:02.5311011Z 
2026-03-26T17:49:02.5311035Z Documentation: http://aka.ms/webapp-linux
2026-03-26T17:49:02.5311069Z Kudu Version : 20260204.5
2026-03-26T17:49:02.5311117Z Commit       : f2123a3d94768058c9d9e002efc0a31e9c1580a3
2026-03-26T17:49:02.5311140Z Instance Name: lw0sdlwk0002DC
2026-03-26T17:49:02.5311170Z Instance Id  : 54377a4fbcca99061eb4bfef866d1be5a35314cee3d940f62291ce669db1da6a
2026-03-26T17:49:02.5311229Z 
2026-03-26T17:49:03.1534044Z chown: changing ownership of '/temp': Operation not permitted
2026-03-26T17:49:03.1647552Z chmod: changing permissions of '/temp': Operation not permitted
2026-03-26T17:49:04.7455545Z Restarting OpenBSD Secure Shell server: sshd.
2026-03-26T17:49:04.8564856Z node not running, starting node /opt/webssh/index.js
2026-03-26T17:49:13.8681760Z Thu Mar 26 17:49:13 UTC 2026 running .net core
2026-03-26T17:49:15.3239639Z Startup : 05.49.15.304275
2026-03-26T17:49:15.3766622Z Configure Services : 05.49.15.376439
2026-03-26T17:49:15.8127968Z Configure : 05.49.15.812464
2026-03-26T17:49:18.0857937Z Setting Up Routes : 05.49.18.085610
2026-03-26T17:49:18.1252674Z Exiting Configure : 05.49.18.125129
2026-03-26T17:49:18.2174975Z warn: Microsoft.AspNetCore.DataProtection.KeyManagement.XmlKeyManager[35]
2026-03-26T17:49:18.2175695Z       No XML encryptor configured. Key {f2daed1c-51f5-4f2b-bf76-d367ca16668c} may be persisted to storage in unencrypted form.
2026-03-26T17:49:18.4202952Z Hosting environment: Production
2026-03-26T17:49:18.4211430Z Content root path: /opt/Kudu
2026-03-26T17:49:18.4288470Z Now listening on: http://0.0.0.0:8181
2026-03-26T17:49:18.4293260Z Application started. Press Ctrl+C to shut down.
